<?xml version="1.0" encoding="UTF-8"?>
<!-- Generated by org.testng.reporters.JUnitReportReporter -->
<testsuite skipped="0" hostname="DESKTOP-S4V18SH" name="testCases.GoogleTest" tests="1" failures="0" timestamp="19 Jul 2021 07:12:42 GMT" time="0.007" errors="0">
  <testcase name="printGoogle" time="0.007" classname="testCases.GoogleTest"/>
</testsuite> <!-- testCases.GoogleTest -->
