<?xml version="1.0" encoding="UTF-8"?>
<!-- Generated by org.testng.reporters.JUnitReportReporter -->
<testsuite skipped="0" hostname="DESKTOP-S4V18SH" name="testCases.AmazonTest" tests="1" failures="0" timestamp="19 Jul 2021 07:12:42 GMT" time="0.001" errors="0">
  <testcase name="printAmazon" time="0.001" classname="testCases.AmazonTest"/>
</testsuite> <!-- testCases.AmazonTest -->
