<?xml version="1.0" encoding="UTF-8"?>
<!-- Generated by org.testng.reporters.JUnitReportReporter -->
<testsuite skipped="0" hostname="DESKTOP-S4V18SH" name="testCases.FacebookTest" tests="1" failures="0" timestamp="19 Jul 2021 07:12:42 GMT" time="0.000" errors="0">
  <testcase name="printFacebook" time="0.000" classname="testCases.FacebookTest"/>
</testsuite> <!-- testCases.FacebookTest -->
